<?xml version="1.0" encoding="UTF-8" ?>
<testsuite errors="0" failures="0" hostname="Jai" name="com.devfactory.test.ATC_536708" skipped="0" tests="1" time="0.374" timestamp="2015-08-07T15:55:47">
  <properties>
[...]
</properties>
  <testcase classname="com.devfactory.test.ATC_536708" name="test" time="0.32" />
  <system-out><![CDATA['Working directory' is set to 'F:\oDesk\QA\QAProduct\trunk\nonuitest\ATCs\..\ATCs\536708'
'Reporting directory' is set to 'F:\oDesk\QA\QAProduct\trunk\nonuitest\ATCs\junit\536708_out'
]]></system-out>
  <system-err><![CDATA[Aug 07, 2015 9:25:47 PM com.devfactory.test.JUnitTestBase beforeTest
WARNING: Invalid 'data.slot' value. Default (-1) will be used.%$%ok
Aug 07, 2015 9:25:47 PM com.devfactory.test.JUnitTestBase enterPhase
INFO: PREPARE START
Aug 07, 2015 9:25:47 PM com.devfactory.test.ATC_536708 prepare
INFO: Preparing environment%$%ok
Aug 07, 2015 9:25:47 PM com.devfactory.test.JUnitTestBase exitPhase
INFO: PREPARE END
Aug 07, 2015 9:25:47 PM com.devfactory.test.JUnitTestBase enterPhase
INFO: EXECUTE START
Aug 07, 2015 9:25:47 PM com.devfactory.test.ATC_536708 execute
INFO: Testing QAProductHelloWorld.testPrintHelloWorld%$%ok
Aug 07, 2015 9:25:47 PM com.devfactory.test.ATC_536708 testPrintHelloWorld
INFO: Initializing HelloWorld%$%ok
Aug 07, 2015 9:25:47 PM com.devfactory.test.ATC_536708 testPrintHelloWorld
INFO: Calling printHelloWorld()%$%ok
Aug 07, 2015 9:25:47 PM com.devfactory.test.ATC_536708 testPrintHelloWorld
INFO: HelloWorld returned: HelloWorld%$%ok
Aug 07, 2015 9:25:47 PM com.devfactory.test.JUnitTestBase exitPhase
INFO: EXECUTE END
Aug 07, 2015 9:25:47 PM com.devfactory.test.JUnitTestBase enterPhase
INFO: COLLECT START
Aug 07, 2015 9:25:47 PM com.devfactory.test.JUnitTestBase exitPhase
INFO: COLLECT END
Aug 07, 2015 9:25:47 PM com.devfactory.test.JUnitTestBase enterPhase
INFO: VALIDATE START
Aug 07, 2015 9:25:47 PM com.devfactory.test.JUnitQASampleTestBase validate
INFO: Performing validations on execution results%$%ok
Aug 07, 2015 9:25:47 PM com.devfactory.test.Assert report
INFO: Attribute 'JUnit test QAProductHelloWorld.testPrintHelloWorld executed successfully' has correct value, true%$%pass
Aug 07, 2015 9:25:47 PM com.devfactory.test.JUnitQASampleTestBase validate
INFO: Validations completed successfully.%$%ok
Aug 07, 2015 9:25:47 PM com.devfactory.test.JUnitTestBase exitPhase
INFO: VALIDATE END
Aug 07, 2015 9:25:47 PM com.devfactory.test.JUnitTestBase enterPhase
INFO: CONCLUDE START
Aug 07, 2015 9:25:47 PM com.devfactory.test.ATC_536708 conclude
INFO: Cleaning environment%$%ok
Aug 07, 2015 9:25:47 PM com.devfactory.test.JUnitTestBase exitPhase
INFO: CONCLUDE END
]]></system-err>
</testsuite>
