<?xml version="1.0" encoding="UTF-8"?>
<testng-results skipped="0" failed="1" total="4" passed="3">
  <reporter-output>
  </reporter-output>
  <suite name="QAProduct_HelloWorld" duration-ms="21" started-at="2015-11-25T06:13:44Z" finished-at="2015-11-25T06:13:44Z">
    <groups>
    </groups>
    <test name="BasicTest" duration-ms="21" started-at="2015-11-25T06:13:44Z" finished-at="2015-11-25T06:13:44Z">
      <class name="com.devfactory.testng.test.TestHelloWorld">
        <test-method status="PASS" signature="testPositiveHelloWorld()[pri:0, instance:com.devfactory.testng.test.TestHelloWorld@383534aa]" name="testPositiveHelloWorld" duration-ms="1" started-at="2015-11-25T11:43:44Z" finished-at="2015-11-25T11:43:44Z">
          <reporter-output>
          </reporter-output>
        </test-method> <!-- testPositiveHelloWorld -->
      </class> <!-- com.devfactory.testng.test.TestHelloWorld -->
      <class name="com.devfactory.testng.test.BasicSimpleTest">
        <test-method status="PASS" signature="testAdd()[pri:0, instance:com.devfactory.testng.test.BasicSimpleTest@61064425]" name="testAdd" duration-ms="7" started-at="2015-11-25T11:43:44Z" finished-at="2015-11-25T11:43:44Z">
          <reporter-output>
          </reporter-output>
        </test-method> <!-- testAdd -->
      </class> <!-- com.devfactory.testng.test.BasicSimpleTest -->
      <class name="com.devfactory.testng.test.TestExerciseIntro">
        <test-method status="PASS" signature="testPositiveHelloWorld()[pri:0, instance:com.devfactory.testng.test.TestExerciseIntro@6bc168e5]" name="testPositiveHelloWorld" duration-ms="0" started-at="2015-11-25T11:43:44Z" finished-at="2015-11-25T11:43:44Z">
          <reporter-output>
          </reporter-output>
        </test-method> <!-- testPositiveHelloWorld -->
      </class> <!-- com.devfactory.testng.test.TestExerciseIntro -->
      <class name="com.devfactory.testng.test.TestMethod2">
        <test-method status="FAIL" signature="testPositiveMethod2()[pri:0, instance:com.devfactory.testng.test.TestMethod2@7b3300e5]" name="testPositiveMethod2" duration-ms="1" started-at="2015-11-25T11:43:44Z" finished-at="2015-11-25T11:43:44Z">
          <exception class="java.lang.AssertionError">
            <message>
              <![CDATA[Introduce Fail UT]]>
            </message>
            <full-stacktrace>
              <![CDATA[java.lang.AssertionError: Introduce Fail UT
	at org.testng.Assert.fail(Assert.java:94)
	at com.devfactory.testng.test.TestMethod2.testPositiveMethod2(TestMethod2.java:27)
	at sun.reflect.NativeMethodAccessorImpl.invoke0(Native Method)
	at sun.reflect.NativeMethodAccessorImpl.invoke(Unknown Source)
	at sun.reflect.DelegatingMethodAccessorImpl.invoke(Unknown Source)
	at java.lang.reflect.Method.invoke(Unknown Source)
	at org.testng.internal.MethodInvocationHelper.invokeMethod(MethodInvocationHelper.java:85)
	at org.testng.internal.Invoker.invokeMethod(Invoker.java:639)
	at org.testng.internal.Invoker.invokeTestMethod(Invoker.java:816)
	at org.testng.internal.Invoker.invokeTestMethods(Invoker.java:1124)
	at org.testng.internal.TestMethodWorker.invokeTestMethods(TestMethodWorker.java:125)
	at org.testng.internal.TestMethodWorker.run(TestMethodWorker.java:108)
	at org.testng.TestRunner.privateRun(TestRunner.java:773)
	at org.testng.TestRunner.run(TestRunner.java:623)
	at org.testng.SuiteRunner.runTest(SuiteRunner.java:357)
	at org.testng.SuiteRunner.runSequentially(SuiteRunner.java:352)
	at org.testng.SuiteRunner.privateRun(SuiteRunner.java:310)
	at org.testng.SuiteRunner.run(SuiteRunner.java:259)
	at org.testng.SuiteRunnerWorker.runSuite(SuiteRunnerWorker.java:52)
	at org.testng.SuiteRunnerWorker.run(SuiteRunnerWorker.java:86)
	at org.testng.TestNG.runSuitesSequentially(TestNG.java:1185)
	at org.testng.TestNG.runSuitesLocally(TestNG.java:1110)
	at org.testng.TestNG.run(TestNG.java:1018)
	at org.testng.TestNG.privateMain(TestNG.java:1325)
	at org.testng.TestNG.main(TestNG.java:1294)
]]>
            </full-stacktrace>
          </exception> <!-- java.lang.AssertionError -->
          <reporter-output>
          </reporter-output>
        </test-method> <!-- testPositiveMethod2 -->
      </class> <!-- com.devfactory.testng.test.TestMethod2 -->
    </test> <!-- BasicTest -->
  </suite> <!-- QAProduct_HelloWorld -->
</testng-results>
